<?xml version="1.0" encoding="UTF-8"?>
<!-- Generated by org.testng.reporters.JUnitReportReporter -->
<testsuite hostname="DESKTOP-G7L3H2J" failures="0" tests="1" name="com.srtf.testcases.PaymentTestCase" time="42.694" errors="0" timestamp="2024-10-05T13:10:05 IST" skipped="0">
  <testcase classname="com.srtf.testcases.PaymentTestCase" name="testcourses" time="42.694"/>
</testsuite> <!-- com.srtf.testcases.PaymentTestCase -->
