<?xml version="1.0" encoding="UTF-8"?>
<!-- Generated by org.testng.reporters.JUnitReportReporter -->
<testsuite hostname="DESKTOP-G7L3H2J" failures="0" tests="1" name="com.srtf.testcases.DashboardTestCase" time="35.167" errors="0" timestamp="2024-10-03T21:41:15 IST" skipped="0">
  <testcase classname="com.srtf.testcases.DashboardTestCase" name="VerifyLogin" time="35.167"/>
</testsuite> <!-- com.srtf.testcases.DashboardTestCase -->
