<?xml version="1.0" encoding="UTF-8"?>
<!-- Generated by org.testng.reporters.JUnitReportReporter -->
<testsuite hostname="DESKTOP-G7L3H2J" failures="0" tests="1" name="com.srtf.testcases.TestCaseDemo" time="6.680" errors="0" timestamp="2024-10-01T13:08:44 IST" skipped="0">
  <testcase classname="com.srtf.testcases.TestCaseDemo" name="testCheck" time="6.680"/>
</testsuite> <!-- com.srtf.testcases.TestCaseDemo -->
