<?xml version="1.0" encoding="UTF-8"?>
<!-- Generated by org.testng.reporters.JUnitReportReporter -->
<testsuite hostname="DESKTOP-G7L3H2J" failures="0" tests="1" name="com.srtf.testcases.SearchTestCase" time="15.557" errors="0" timestamp="2024-10-03T21:23:33 IST" skipped="0">
  <testcase classname="com.srtf.testcases.SearchTestCase" name="searchCourseTesr" time="15.557"/>
</testsuite> <!-- com.srtf.testcases.SearchTestCase -->
